TN:
SF:src\entities\Chat.ts
FN:16,Chat
FNF:1
FNH:1
FNDA:2,Chat
DA:1,1
DA:2,1
DA:3,1
DA:4,1
DA:5,1
DA:6,1
DA:7,1
DA:8,1
DA:9,1
DA:10,1
DA:11,1
DA:12,1
DA:13,1
DA:14,1
DA:15,1
DA:16,1
DA:17,2
DA:18,2
DA:19,2
DA:20,2
DA:21,2
DA:22,1
LF:22
LH:22
BRDA:16,0,0,2
BRF:1
BRH:1
end_of_record
TN:
SF:src\entities\User.ts
FN:16,User
FNF:1
FNH:1
FNDA:1,User
DA:1,1
DA:2,1
DA:3,1
DA:4,1
DA:5,1
DA:6,1
DA:7,1
DA:8,1
DA:9,1
DA:10,1
DA:11,1
DA:12,1
DA:13,1
DA:14,1
DA:15,1
DA:16,1
DA:17,1
DA:18,1
DA:19,1
DA:20,1
DA:21,1
DA:22,1
LF:22
LH:22
BRDA:16,0,0,1
BRF:1
BRH:1
end_of_record
TN:
SF:src\repositories\ChatRepository.ts
FN:10,ChatRepository
FN:13,create
FN:27,findById
FN:35,findByUserId
FN:41,save
FNF:5
FNH:5
FNDA:1,ChatRepository
FNDA:2,create
FNDA:2,findById
FNDA:1,findByUserId
FNDA:1,save
DA:1,1
DA:2,1
DA:3,1
DA:4,1
DA:5,1
DA:6,1
DA:7,1
DA:8,1
DA:9,1
DA:10,1
DA:11,1
DA:12,1
DA:13,1
DA:14,2
DA:15,2
DA:16,1
DA:17,2
DA:18,2
DA:19,2
DA:20,2
DA:21,1
DA:22,1
DA:23,1
DA:24,1
DA:25,1
DA:26,1
DA:27,1
DA:28,2
DA:29,2
DA:30,2
DA:31,1
DA:32,1
DA:33,1
DA:34,1
DA:35,1
DA:36,1
DA:37,1
DA:38,1
DA:39,1
DA:40,1
DA:41,1
DA:42,1
DA:43,1
DA:44,1
DA:45,1
DA:46,1
DA:47,1
DA:48,1
DA:49,1
DA:50,1
LF:50
LH:50
BRDA:10,0,0,1
BRDA:13,1,0,2
BRDA:20,2,0,1
BRDA:15,3,0,1
BRDA:27,4,0,2
BRDA:30,5,0,1
BRDA:28,6,0,2
BRDA:35,7,0,1
BRDA:36,8,0,1
BRDA:41,9,0,1
BRDA:44,10,0,0
BRDA:42,11,0,1
BRF:12
BRH:11
end_of_record
TN:
SF:src\repositories\UserRepository.ts
FN:9,UserRepository
FN:12,create
FN:22,findById
FN:30,save
FNF:4
FNH:4
FNDA:1,UserRepository
FNDA:1,create
FNDA:3,findById
FNDA:1,save
DA:1,1
DA:2,1
DA:3,1
DA:4,1
DA:5,1
DA:6,1
DA:7,1
DA:8,1
DA:9,1
DA:10,1
DA:11,1
DA:12,1
DA:13,1
DA:14,1
DA:15,1
DA:16,1
DA:17,1
DA:18,1
DA:19,1
DA:20,1
DA:21,1
DA:22,1
DA:23,3
DA:24,3
DA:25,3
DA:26,2
DA:27,2
DA:28,2
DA:29,1
DA:30,1
DA:31,1
DA:32,1
DA:33,1
DA:34,1
DA:35,1
DA:36,1
DA:37,1
DA:38,1
DA:39,1
DA:40,1
DA:41,1
LF:41
LH:41
BRDA:9,0,0,1
BRDA:12,1,0,1
BRDA:15,2,0,0
BRDA:22,3,0,3
BRDA:25,4,0,1
BRDA:26,5,0,2
BRDA:23,6,0,3
BRDA:30,7,0,1
BRDA:33,8,0,0
BRDA:31,9,0,1
BRF:10
BRH:8
end_of_record
TN:
SF:src\services\ChatService.ts
FN:11,ChatService
FN:15,createChat
FN:25,getChatsById
FN:33,getChatsByUserId
FN:39,updateChat
FNF:5
FNH:4
FNDA:1,ChatService
FNDA:2,createChat
FNDA:0,getChatsById
FNDA:1,getChatsByUserId
FNDA:3,updateChat
DA:1,1
DA:2,1
DA:3,1
DA:4,1
DA:5,1
DA:6,1
DA:7,1
DA:8,1
DA:9,1
DA:10,1
DA:11,1
DA:12,1
DA:13,1
DA:14,1
DA:15,1
DA:16,2
DA:17,2
DA:18,2
DA:19,2
DA:20,2
DA:21,1
DA:22,1
DA:23,1
DA:24,1
DA:25,1
DA:26,0
DA:27,0
DA:28,0
DA:29,0
DA:30,0
DA:31,0
DA:32,1
DA:33,1
DA:34,1
DA:35,1
DA:36,1
DA:37,1
DA:38,1
DA:39,1
DA:40,3
DA:41,2
DA:42,2
DA:43,2
DA:44,2
DA:45,3
DA:46,1
DA:47,1
DA:48,1
DA:49,1
DA:50,1
DA:51,1
DA:52,1
DA:53,1
DA:54,1
DA:55,3
DA:56,1
LF:56
LH:50
BRDA:11,0,0,1
BRDA:15,1,0,2
BRDA:16,2,0,0
BRDA:21,3,0,1
BRDA:33,4,0,1
BRDA:39,5,0,3
BRDA:40,6,0,1
BRDA:41,7,0,2
BRDA:45,8,0,1
BRF:9
BRH:8
end_of_record
TN:
SF:src\services\UserService.ts
FN:20,UserService
FN:24,createUser
FN:42,getUser
FN:48,updateUser
FNF:4
FNH:4
FNDA:1,UserService
FNDA:1,createUser
FNDA:1,getUser
FNDA:3,updateUser
DA:1,1
DA:2,1
DA:3,1
DA:4,1
DA:5,1
DA:6,1
DA:7,1
DA:8,1
DA:9,1
DA:10,1
DA:11,1
DA:12,1
DA:13,1
DA:14,1
DA:15,1
DA:16,1
DA:17,1
DA:18,1
DA:19,1
DA:20,1
DA:21,1
DA:22,1
DA:23,1
DA:24,1
DA:25,1
DA:26,1
DA:27,1
DA:28,1
DA:29,1
DA:30,1
DA:31,1
DA:32,1
DA:33,1
DA:34,1
DA:35,1
DA:36,1
DA:37,1
DA:38,1
DA:39,1
DA:40,1
DA:41,1
DA:42,1
DA:43,1
DA:44,1
DA:45,1
DA:46,1
DA:47,1
DA:48,1
DA:49,3
DA:50,3
DA:51,3
DA:52,3
DA:53,3
DA:54,3
DA:55,2
DA:56,3
DA:57,2
DA:58,2
DA:59,2
DA:60,2
DA:61,3
DA:62,1
DA:63,1
DA:64,1
DA:65,1
DA:66,1
DA:67,1
DA:68,1
DA:69,1
DA:70,1
DA:71,1
DA:72,1
DA:73,3
DA:74,1
LF:74
LH:74
BRDA:20,0,0,1
BRDA:24,1,0,1
BRDA:29,2,0,0
BRDA:42,3,0,1
BRDA:48,4,0,3
BRDA:54,5,0,1
BRDA:55,6,0,2
BRDA:56,7,0,2
BRDA:56,8,0,0
BRDA:57,9,0,2
BRDA:61,10,0,1
BRF:11
BRH:9
end_of_record
